[09-Jul-2022 11:42:05 Europe/Amsterdam] PHP Warning:  Undefined variable $users in /home/martijn/Documents/UserManager/view/display_users.php on line 1
[09-Jul-2022 11:47:51 Europe/Amsterdam] PHP Warning:  Undefined variable $users in /home/martijn/Documents/UserManager/view/display_users.php on line 1
[09-Jul-2022 11:48:16 Europe/Amsterdam] PHP Warning:  Undefined variable $users in /home/martijn/Documents/UserManager/view/display_users.php on line 1
[09-Jul-2022 11:48:35 Europe/Amsterdam] PHP Warning:  Undefined variable $users in /home/martijn/Documents/UserManager/view/display_users.php on line 1
[09-Jul-2022 11:48:58 Europe/Amsterdam] PHP Warning:  Undefined variable $users in /home/martijn/Documents/UserManager/view/display_users.php on line 1
[09-Jul-2022 11:50:24 Europe/Amsterdam] PHP Warning:  Undefined variable $users in /home/martijn/Documents/UserManager/view/display_users.php on line 1
[09-Jul-2022 11:51:01 Europe/Amsterdam] PHP Warning:  Undefined variable $users in /home/martijn/Documents/UserManager/view/display_users.php on line 1
[09-Jul-2022 11:51:39 Europe/Amsterdam] PHP Warning:  Undefined variable $users in /home/martijn/Documents/UserManager/view/display_users.php on line 1
[09-Jul-2022 11:51:51 Europe/Amsterdam] PHP Fatal error:  Uncaught Error: Cannot use object of type mysqli_sql_exception as array in /home/martijn/Documents/UserManager/controller/controller.php:15
Stack trace:
#0 /home/martijn/Documents/UserManager/index.php(8): require_once()
#1 {main}
  thrown in /home/martijn/Documents/UserManager/controller/controller.php on line 15
[09-Jul-2022 11:52:04 Europe/Amsterdam] PHP Warning:  Undefined variable $users in /home/martijn/Documents/UserManager/view/display_users.php on line 1
[09-Jul-2022 11:54:07 Europe/Amsterdam] PHP Warning:  Undefined variable $users in /home/martijn/Documents/UserManager/view/display_users.php on line 1
[09-Jul-2022 11:56:03 Europe/Amsterdam] PHP Warning:  Undefined property: mysqli_sql_exception::$getMessage in /home/martijn/Documents/UserManager/controller/controller.php on line 16
[09-Jul-2022 11:56:03 Europe/Amsterdam] PHP Warning:  Undefined variable $users in /home/martijn/Documents/UserManager/view/display_users.php on line 1
[09-Jul-2022 11:56:39 Europe/Amsterdam] PHP Warning:  Undefined variable $users in /home/martijn/Documents/UserManager/view/display_users.php on line 1
[09-Jul-2022 11:58:28 Europe/Amsterdam] PHP Warning:  Undefined variable $users in /home/martijn/Documents/UserManager/view/display_users.php on line 1
[09-Jul-2022 11:58:59 Europe/Amsterdam] PHP Warning:  Undefined variable $users in /home/martijn/Documents/UserManager/view/display_users.php on line 1
[09-Jul-2022 11:59:12 Europe/Amsterdam] PHP Warning:  Undefined variable $users in /home/martijn/Documents/UserManager/view/display_users.php on line 1
[09-Jul-2022 11:59:40 Europe/Amsterdam] PHP Warning:  Undefined variable $users in /home/martijn/Documents/UserManager/view/display_users.php on line 1
[09-Jul-2022 12:00:13 Europe/Amsterdam] PHP Warning:  Undefined variable $users in /home/martijn/Documents/UserManager/view/display_users.php on line 1
[09-Jul-2022 12:04:31 Europe/Amsterdam] PHP Warning:  Undefined variable $users in /home/martijn/Documents/UserManager/view/display_users.php on line 1
[09-Jul-2022 12:04:38 Europe/Amsterdam] PHP Warning:  Undefined variable $users in /home/martijn/Documents/UserManager/view/display_users.php on line 1
[09-Jul-2022 12:04:53 Europe/Amsterdam] PHP Warning:  Undefined variable $users in /home/martijn/Documents/UserManager/view/display_users.php on line 1
[09-Jul-2022 12:05:09 Europe/Amsterdam] PHP Warning:  Undefined variable $users in /home/martijn/Documents/UserManager/view/display_users.php on line 1
[09-Jul-2022 12:05:31 Europe/Amsterdam] PHP Warning:  Undefined variable $users in /home/martijn/Documents/UserManager/view/display_users.php on line 1
[09-Jul-2022 12:07:29 Europe/Amsterdam] PHP Warning:  Undefined variable $connected in /home/martijn/Documents/UserManager/view/form.php on line 19
[09-Jul-2022 12:07:29 Europe/Amsterdam] PHP Warning:  Undefined variable $connected in /home/martijn/Documents/UserManager/view/form.php on line 25
[09-Jul-2022 12:07:29 Europe/Amsterdam] PHP Warning:  Undefined variable $connected in /home/martijn/Documents/UserManager/view/form.php on line 33
[09-Jul-2022 12:07:29 Europe/Amsterdam] PHP Warning:  Undefined variable $connected in /home/martijn/Documents/UserManager/view/form.php on line 39
[09-Jul-2022 12:07:29 Europe/Amsterdam] PHP Warning:  Undefined variable $connected in /home/martijn/Documents/UserManager/view/form.php on line 47
[09-Jul-2022 12:07:29 Europe/Amsterdam] PHP Warning:  Undefined variable $connected in /home/martijn/Documents/UserManager/view/form.php on line 53
[09-Jul-2022 12:07:29 Europe/Amsterdam] PHP Warning:  Undefined variable $users in /home/martijn/Documents/UserManager/view/display_users.php on line 1
[09-Jul-2022 12:11:01 Europe/Amsterdam] PHP Fatal error:  Uncaught mysqli_sql_exception: Access denied for user 'martijn'@'localhost' (using password: YES) in /home/martijn/Documents/UserManager/modal/database.php:15
Stack trace:
#0 /home/martijn/Documents/UserManager/modal/database.php(15): mysqli->__construct('localhost', 'martijn', 'waldo_nuts', 'PHP_App')
#1 /home/martijn/Documents/UserManager/modal/usermanager.php(13): modal\Database\Database->__construct()
#2 /home/martijn/Documents/UserManager/controller/controller.php(5): modal\UserManager\UserManager->__construct()
#3 /home/martijn/Documents/UserManager/index.php(8): require_once('/home/martijn/D...')
#4 {main}
  thrown in /home/martijn/Documents/UserManager/modal/database.php on line 15
